<?xml version="1.0" encoding="UTF-8"?>
<testsuite xmlns:xsi="http://www.w3.org/2001/XMLSchema-instance" xsi:noNamespaceSchemaLocation="https://maven.apache.org/surefire/maven-surefire-plugin/xsd/surefire-test-report.xsd" version="3.0.2" name="com.example.coursesearch.CourseseachApplicationTests" time="4.536" tests="1" errors="0" skipped="0" failures="0">
  <properties>
[...]
</properties>
  <testcase name="contextLoads" classname="com.example.coursesearch.CourseseachApplicationTests" time="0.77">
    <system-out><![CDATA[22:37:59.726 [main] INFO org.springframework.test.context.support.AnnotationConfigContextLoaderUtils -- Could not detect default configuration classes for test class [com.example.coursesearch.CourseseachApplicationTests]: CourseseachApplicationTests does not declare any static, non-private, non-final, nested classes annotated with @Configuration.
22:37:59.895 [main] INFO org.springframework.boot.test.context.SpringBootTestContextBootstrapper -- Found @SpringBootConfiguration com.example.coursesearch.CourseseachApplication for test class com.example.coursesearch.CourseseachApplicationTests

  .   ____          _            __ _ _
 /\\ / ___'_ __ _ _(_)_ __  __ _ \ \ \ \
( ( )\___ | '_ | '_| | '_ \/ _` | \ \ \ \
 \\/  ___)| |_)| | | | | || (_| |  ) ) ) )
  '  |____| .__|_| |_|_| |_\__, | / / / /
 =========|_|==============|___/=/_/_/_/

 :: Spring Boot ::                (v3.5.3)

2025-07-13T22:38:00.383+05:30  INFO 16800 --- [courseseach] [           main] c.e.c.CourseseachApplicationTests        : Starting CourseseachApplicationTests using Java 21.0.7 with PID 16800 (started by basic in C:\Users\basic\OneDrive\Documents\coursesearch)
2025-07-13T22:38:00.385+05:30  INFO 16800 --- [courseseach] [           main] c.e.c.CourseseachApplicationTests        : No active profile set, falling back to 1 default profile: "default"
2025-07-13T22:38:00.815+05:30  INFO 16800 --- [courseseach] [           main] .s.d.r.c.RepositoryConfigurationDelegate : Bootstrapping Spring Data Elasticsearch repositories in DEFAULT mode.
2025-07-13T22:38:00.861+05:30  INFO 16800 --- [courseseach] [           main] .s.d.r.c.RepositoryConfigurationDelegate : Finished Spring Data repository scanning in 39 ms. Found 1 Elasticsearch repository interface.
2025-07-13T22:38:01.883+05:30  WARN 16800 --- [courseseach] [           main] org.elasticsearch.client.RestClient      : request [HEAD http://localhost:9200/courses] returned 1 warnings: [299 Elasticsearch-7.17.17-aba4da413a368e296dfc64fb20897334d0340aa1 "Elasticsearch built-in security features are not enabled. Without authentication, your cluster could be accessible to anyone. See https://www.elastic.co/guide/en/elasticsearch/reference/7.17/security-minimal-setup.html to enable security."]
2025-07-13T22:38:01.984+05:30  WARN 16800 --- [courseseach] [           main] org.elasticsearch.client.RestClient      : request [POST http://localhost:9200/courses/_search?search_type=query_then_fetch&typed_keys=true] returned 1 warnings: [299 Elasticsearch-7.17.17-aba4da413a368e296dfc64fb20897334d0340aa1 "Elasticsearch built-in security features are not enabled. Without authentication, your cluster could be accessible to anyone. See https://www.elastic.co/guide/en/elasticsearch/reference/7.17/security-minimal-setup.html to enable security."]
Courses in index before indexing: 0
Courses loaded from JSON: 19
2025-07-13T22:38:02.350+05:30  WARN 16800 --- [courseseach] [           main] org.elasticsearch.client.RestClient      : request [PUT http://localhost:9200/courses/_doc/1?refresh=false] returned 1 warnings: [299 Elasticsearch-7.17.17-aba4da413a368e296dfc64fb20897334d0340aa1 "Elasticsearch built-in security features are not enabled. Without authentication, your cluster could be accessible to anyone. See https://www.elastic.co/guide/en/elasticsearch/reference/7.17/security-minimal-setup.html to enable security."]
2025-07-13T22:38:02.381+05:30  WARN 16800 --- [courseseach] [           main] org.elasticsearch.client.RestClient      : request [POST http://localhost:9200/courses/_refresh] returned 1 warnings: [299 Elasticsearch-7.17.17-aba4da413a368e296dfc64fb20897334d0340aa1 "Elasticsearch built-in security features are not enabled. Without authentication, your cluster could be accessible to anyone. See https://www.elastic.co/guide/en/elasticsearch/reference/7.17/security-minimal-setup.html to enable security."]
✅ Indexed: Toddler Time: Shapes and Colors
2025-07-13T22:38:02.397+05:30  WARN 16800 --- [courseseach] [           main] org.elasticsearch.client.RestClient      : request [PUT http://localhost:9200/courses/_doc/2?refresh=false] returned 1 warnings: [299 Elasticsearch-7.17.17-aba4da413a368e296dfc64fb20897334d0340aa1 "Elasticsearch built-in security features are not enabled. Without authentication, your cluster could be accessible to anyone. See https://www.elastic.co/guide/en/elasticsearch/reference/7.17/security-minimal-setup.html to enable security."]
2025-07-13T22:38:02.417+05:30  WARN 16800 --- [courseseach] [           main] org.elasticsearch.client.RestClient      : request [POST http://localhost:9200/courses/_refresh] returned 1 warnings: [299 Elasticsearch-7.17.17-aba4da413a368e296dfc64fb20897334d0340aa1 "Elasticsearch built-in security features are not enabled. Without authentication, your cluster could be accessible to anyone. See https://www.elastic.co/guide/en/elasticsearch/reference/7.17/security-minimal-setup.html to enable security."]
✅ Indexed: Pre-K Story Explorers
2025-07-13T22:38:02.443+05:30  WARN 16800 --- [courseseach] [           main] org.elasticsearch.client.RestClient      : request [PUT http://localhost:9200/courses/_doc/3?refresh=false] returned 1 warnings: [299 Elasticsearch-7.17.17-aba4da413a368e296dfc64fb20897334d0340aa1 "Elasticsearch built-in security features are not enabled. Without authentication, your cluster could be accessible to anyone. See https://www.elastic.co/guide/en/elasticsearch/reference/7.17/security-minimal-setup.html to enable security."]
2025-07-13T22:38:02.455+05:30  WARN 16800 --- [courseseach] [           main] org.elasticsearch.client.RestClient      : request [POST http://localhost:9200/courses/_refresh] returned 1 warnings: [299 Elasticsearch-7.17.17-aba4da413a368e296dfc64fb20897334d0340aa1 "Elasticsearch built-in security features are not enabled. Without authentication, your cluster could be accessible to anyone. See https://www.elastic.co/guide/en/elasticsearch/reference/7.17/security-minimal-setup.html to enable security."]
✅ Indexed: Number Ninjas: Beginner Math
2025-07-13T22:38:02.467+05:30  WARN 16800 --- [courseseach] [           main] org.elasticsearch.client.RestClient      : request [PUT http://localhost:9200/courses/_doc/4?refresh=false] returned 1 warnings: [299 Elasticsearch-7.17.17-aba4da413a368e296dfc64fb20897334d0340aa1 "Elasticsearch built-in security features are not enabled. Without authentication, your cluster could be accessible to anyone. See https://www.elastic.co/guide/en/elasticsearch/reference/7.17/security-minimal-setup.html to enable security."]
2025-07-13T22:38:02.482+05:30  WARN 16800 --- [courseseach] [           main] org.elasticsearch.client.RestClient      : request [POST http://localhost:9200/courses/_refresh] returned 1 warnings: [299 Elasticsearch-7.17.17-aba4da413a368e296dfc64fb20897334d0340aa1 "Elasticsearch built-in security features are not enabled. Without authentication, your cluster could be accessible to anyone. See https://www.elastic.co/guide/en/elasticsearch/reference/7.17/security-minimal-setup.html to enable security."]
✅ Indexed: Reading Rockets: Phonics Bootcamp
2025-07-13T22:38:02.495+05:30  WARN 16800 --- [courseseach] [           main] org.elasticsearch.client.RestClient      : request [PUT http://localhost:9200/courses/_doc/5?refresh=false] returned 1 warnings: [299 Elasticsearch-7.17.17-aba4da413a368e296dfc64fb20897334d0340aa1 "Elasticsearch built-in security features are not enabled. Without authentication, your cluster could be accessible to anyone. See https://www.elastic.co/guide/en/elasticsearch/reference/7.17/security-minimal-setup.html to enable security."]
2025-07-13T22:38:02.509+05:30  WARN 16800 --- [courseseach] [           main] org.elasticsearch.client.RestClient      : request [POST http://localhost:9200/courses/_refresh] returned 1 warnings: [299 Elasticsearch-7.17.17-aba4da413a368e296dfc64fb20897334d0340aa1 "Elasticsearch built-in security features are not enabled. Without authentication, your cluster could be accessible to anyone. See https://www.elastic.co/guide/en/elasticsearch/reference/7.17/security-minimal-setup.html to enable security."]
✅ Indexed: Science Sparks: Mini Lab
2025-07-13T22:38:02.519+05:30  WARN 16800 --- [courseseach] [           main] org.elasticsearch.client.RestClient      : request [PUT http://localhost:9200/courses/_doc/6?refresh=false] returned 1 warnings: [299 Elasticsearch-7.17.17-aba4da413a368e296dfc64fb20897334d0340aa1 "Elasticsearch built-in security features are not enabled. Without authentication, your cluster could be accessible to anyone. See https://www.elastic.co/guide/en/elasticsearch/reference/7.17/security-minimal-setup.html to enable security."]
2025-07-13T22:38:02.533+05:30  WARN 16800 --- [courseseach] [           main] org.elasticsearch.client.RestClient      : request [POST http://localhost:9200/courses/_refresh] returned 1 warnings: [299 Elasticsearch-7.17.17-aba4da413a368e296dfc64fb20897334d0340aa1 "Elasticsearch built-in security features are not enabled. Without authentication, your cluster could be accessible to anyone. See https://www.elastic.co/guide/en/elasticsearch/reference/7.17/security-minimal-setup.html to enable security."]
✅ Indexed: Young Coders Club
2025-07-13T22:38:02.544+05:30  WARN 16800 --- [courseseach] [           main] org.elasticsearch.client.RestClient      : request [PUT http://localhost:9200/courses/_doc/7?refresh=false] returned 1 warnings: [299 Elasticsearch-7.17.17-aba4da413a368e296dfc64fb20897334d0340aa1 "Elasticsearch built-in security features are not enabled. Without authentication, your cluster could be accessible to anyone. See https://www.elastic.co/guide/en/elasticsearch/reference/7.17/security-minimal-setup.html to enable security."]
2025-07-13T22:38:02.558+05:30  WARN 16800 --- [courseseach] [           main] org.elasticsearch.client.RestClient      : request [POST http://localhost:9200/courses/_refresh] returned 1 warnings: [299 Elasticsearch-7.17.17-aba4da413a368e296dfc64fb20897334d0340aa1 "Elasticsearch built-in security features are not enabled. Without authentication, your cluster could be accessible to anyone. See https://www.elastic.co/guide/en/elasticsearch/reference/7.17/security-minimal-setup.html to enable security."]
✅ Indexed: Art Lab: Creative Drawing & Sketching
2025-07-13T22:38:02.568+05:30  WARN 16800 --- [courseseach] [           main] org.elasticsearch.client.RestClient      : request [PUT http://localhost:9200/courses/_doc/8?refresh=false] returned 1 warnings: [299 Elasticsearch-7.17.17-aba4da413a368e296dfc64fb20897334d0340aa1 "Elasticsearch built-in security features are not enabled. Without authentication, your cluster could be accessible to anyone. See https://www.elastic.co/guide/en/elasticsearch/reference/7.17/security-minimal-setup.html to enable security."]
2025-07-13T22:38:02.579+05:30  WARN 16800 --- [courseseach] [           main] org.elasticsearch.client.RestClient      : request [POST http://localhost:9200/courses/_refresh] returned 1 warnings: [299 Elasticsearch-7.17.17-aba4da413a368e296dfc64fb20897334d0340aa1 "Elasticsearch built-in security features are not enabled. Without authentication, your cluster could be accessible to anyone. See https://www.elastic.co/guide/en/elasticsearch/reference/7.17/security-minimal-setup.html to enable security."]
✅ Indexed: Junior Robotics Bootcamp
2025-07-13T22:38:02.588+05:30  WARN 16800 --- [courseseach] [           main] org.elasticsearch.client.RestClient      : request [PUT http://localhost:9200/courses/_doc/9?refresh=false] returned 1 warnings: [299 Elasticsearch-7.17.17-aba4da413a368e296dfc64fb20897334d0340aa1 "Elasticsearch built-in security features are not enabled. Without authentication, your cluster could be accessible to anyone. See https://www.elastic.co/guide/en/elasticsearch/reference/7.17/security-minimal-setup.html to enable security."]
2025-07-13T22:38:02.600+05:30  WARN 16800 --- [courseseach] [           main] org.elasticsearch.client.RestClient      : request [POST http://localhost:9200/courses/_refresh] returned 1 warnings: [299 Elasticsearch-7.17.17-aba4da413a368e296dfc64fb20897334d0340aa1 "Elasticsearch built-in security features are not enabled. Without authentication, your cluster could be accessible to anyone. See https://www.elastic.co/guide/en/elasticsearch/reference/7.17/security-minimal-setup.html to enable security."]
✅ Indexed: Math Olympiad Prep
2025-07-13T22:38:02.611+05:30  WARN 16800 --- [courseseach] [           main] org.elasticsearch.client.RestClient      : request [PUT http://localhost:9200/courses/_doc/10?refresh=false] returned 1 warnings: [299 Elasticsearch-7.17.17-aba4da413a368e296dfc64fb20897334d0340aa1 "Elasticsearch built-in security features are not enabled. Without authentication, your cluster could be accessible to anyone. See https://www.elastic.co/guide/en/elasticsearch/reference/7.17/security-minimal-setup.html to enable security."]
2025-07-13T22:38:02.623+05:30  WARN 16800 --- [courseseach] [           main] org.elasticsearch.client.RestClient      : request [POST http://localhost:9200/courses/_refresh] returned 1 warnings: [299 Elasticsearch-7.17.17-aba4da413a368e296dfc64fb20897334d0340aa1 "Elasticsearch built-in security features are not enabled. Without authentication, your cluster could be accessible to anyone. See https://www.elastic.co/guide/en/elasticsearch/reference/7.17/security-minimal-setup.html to enable security."]
✅ Indexed: Debate Skills for Teens
2025-07-13T22:38:02.633+05:30  WARN 16800 --- [courseseach] [           main] org.elasticsearch.client.RestClient      : request [PUT http://localhost:9200/courses/_doc/11?refresh=false] returned 1 warnings: [299 Elasticsearch-7.17.17-aba4da413a368e296dfc64fb20897334d0340aa1 "Elasticsearch built-in security features are not enabled. Without authentication, your cluster could be accessible to anyone. See https://www.elastic.co/guide/en/elasticsearch/reference/7.17/security-minimal-setup.html to enable security."]
2025-07-13T22:38:02.645+05:30  WARN 16800 --- [courseseach] [           main] org.elasticsearch.client.RestClient      : request [POST http://localhost:9200/courses/_refresh] returned 1 warnings: [299 Elasticsearch-7.17.17-aba4da413a368e296dfc64fb20897334d0340aa1 "Elasticsearch built-in security features are not enabled. Without authentication, your cluster could be accessible to anyone. See https://www.elastic.co/guide/en/elasticsearch/reference/7.17/security-minimal-setup.html to enable security."]
✅ Indexed: Creative Writing: Storytelling for Teens
2025-07-13T22:38:02.655+05:30  WARN 16800 --- [courseseach] [           main] org.elasticsearch.client.RestClient      : request [PUT http://localhost:9200/courses/_doc/12?refresh=false] returned 1 warnings: [299 Elasticsearch-7.17.17-aba4da413a368e296dfc64fb20897334d0340aa1 "Elasticsearch built-in security features are not enabled. Without authentication, your cluster could be accessible to anyone. See https://www.elastic.co/guide/en/elasticsearch/reference/7.17/security-minimal-setup.html to enable security."]
2025-07-13T22:38:02.673+05:30  WARN 16800 --- [courseseach] [           main] org.elasticsearch.client.RestClient      : request [POST http://localhost:9200/courses/_refresh] returned 1 warnings: [299 Elasticsearch-7.17.17-aba4da413a368e296dfc64fb20897334d0340aa1 "Elasticsearch built-in security features are not enabled. Without authentication, your cluster could be accessible to anyone. See https://www.elastic.co/guide/en/elasticsearch/reference/7.17/security-minimal-setup.html to enable security."]
✅ Indexed: AI for Beginners (Teen Edition)
2025-07-13T22:38:02.683+05:30  WARN 16800 --- [courseseach] [           main] org.elasticsearch.client.RestClient      : request [PUT http://localhost:9200/courses/_doc/13?refresh=false] returned 1 warnings: [299 Elasticsearch-7.17.17-aba4da413a368e296dfc64fb20897334d0340aa1 "Elasticsearch built-in security features are not enabled. Without authentication, your cluster could be accessible to anyone. See https://www.elastic.co/guide/en/elasticsearch/reference/7.17/security-minimal-setup.html to enable security."]
2025-07-13T22:38:02.695+05:30  WARN 16800 --- [courseseach] [           main] org.elasticsearch.client.RestClient      : request [POST http://localhost:9200/courses/_refresh] returned 1 warnings: [299 Elasticsearch-7.17.17-aba4da413a368e296dfc64fb20897334d0340aa1 "Elasticsearch built-in security features are not enabled. Without authentication, your cluster could be accessible to anyone. See https://www.elastic.co/guide/en/elasticsearch/reference/7.17/security-minimal-setup.html to enable security."]
✅ Indexed: High School Robotics Challenge
2025-07-13T22:38:02.705+05:30  WARN 16800 --- [courseseach] [           main] org.elasticsearch.client.RestClient      : request [PUT http://localhost:9200/courses/_doc/14?refresh=false] returned 1 warnings: [299 Elasticsearch-7.17.17-aba4da413a368e296dfc64fb20897334d0340aa1 "Elasticsearch built-in security features are not enabled. Without authentication, your cluster could be accessible to anyone. See https://www.elastic.co/guide/en/elasticsearch/reference/7.17/security-minimal-setup.html to enable security."]
2025-07-13T22:38:02.717+05:30  WARN 16800 --- [courseseach] [           main] org.elasticsearch.client.RestClient      : request [POST http://localhost:9200/courses/_refresh] returned 1 warnings: [299 Elasticsearch-7.17.17-aba4da413a368e296dfc64fb20897334d0340aa1 "Elasticsearch built-in security features are not enabled. Without authentication, your cluster could be accessible to anyone. See https://www.elastic.co/guide/en/elasticsearch/reference/7.17/security-minimal-setup.html to enable security."]
✅ Indexed: SAT Math Intensive
2025-07-13T22:38:02.729+05:30  WARN 16800 --- [courseseach] [           main] org.elasticsearch.client.RestClient      : request [PUT http://localhost:9200/courses/_doc/15?refresh=false] returned 1 warnings: [299 Elasticsearch-7.17.17-aba4da413a368e296dfc64fb20897334d0340aa1 "Elasticsearch built-in security features are not enabled. Without authentication, your cluster could be accessible to anyone. See https://www.elastic.co/guide/en/elasticsearch/reference/7.17/security-minimal-setup.html to enable security."]
2025-07-13T22:38:02.740+05:30  WARN 16800 --- [courseseach] [           main] org.elasticsearch.client.RestClient      : request [POST http://localhost:9200/courses/_refresh] returned 1 warnings: [299 Elasticsearch-7.17.17-aba4da413a368e296dfc64fb20897334d0340aa1 "Elasticsearch built-in security features are not enabled. Without authentication, your cluster could be accessible to anyone. See https://www.elastic.co/guide/en/elasticsearch/reference/7.17/security-minimal-setup.html to enable security."]
✅ Indexed: Portfolio Prep for Art School
2025-07-13T22:38:02.756+05:30  WARN 16800 --- [courseseach] [           main] org.elasticsearch.client.RestClient      : request [PUT http://localhost:9200/courses/_doc/16?refresh=false] returned 1 warnings: [299 Elasticsearch-7.17.17-aba4da413a368e296dfc64fb20897334d0340aa1 "Elasticsearch built-in security features are not enabled. Without authentication, your cluster could be accessible to anyone. See https://www.elastic.co/guide/en/elasticsearch/reference/7.17/security-minimal-setup.html to enable security."]
2025-07-13T22:38:02.766+05:30  WARN 16800 --- [courseseach] [           main] org.elasticsearch.client.RestClient      : request [POST http://localhost:9200/courses/_refresh] returned 1 warnings: [299 Elasticsearch-7.17.17-aba4da413a368e296dfc64fb20897334d0340aa1 "Elasticsearch built-in security features are not enabled. Without authentication, your cluster could be accessible to anyone. See https://www.elastic.co/guide/en/elasticsearch/reference/7.17/security-minimal-setup.html to enable security."]
✅ Indexed: Young Entrepreneurs Bootcamp
2025-07-13T22:38:02.777+05:30  WARN 16800 --- [courseseach] [           main] org.elasticsearch.client.RestClient      : request [PUT http://localhost:9200/courses/_doc/17?refresh=false] returned 1 warnings: [299 Elasticsearch-7.17.17-aba4da413a368e296dfc64fb20897334d0340aa1 "Elasticsearch built-in security features are not enabled. Without authentication, your cluster could be accessible to anyone. See https://www.elastic.co/guide/en/elasticsearch/reference/7.17/security-minimal-setup.html to enable security."]
2025-07-13T22:38:02.788+05:30  WARN 16800 --- [courseseach] [           main] org.elasticsearch.client.RestClient      : request [POST http://localhost:9200/courses/_refresh] returned 1 warnings: [299 Elasticsearch-7.17.17-aba4da413a368e296dfc64fb20897334d0340aa1 "Elasticsearch built-in security features are not enabled. Without authentication, your cluster could be accessible to anyone. See https://www.elastic.co/guide/en/elasticsearch/reference/7.17/security-minimal-setup.html to enable security."]
✅ Indexed: College Transition 101
2025-07-13T22:38:02.796+05:30  WARN 16800 --- [courseseach] [           main] org.elasticsearch.client.RestClient      : request [PUT http://localhost:9200/courses/_doc/18?refresh=false] returned 1 warnings: [299 Elasticsearch-7.17.17-aba4da413a368e296dfc64fb20897334d0340aa1 "Elasticsearch built-in security features are not enabled. Without authentication, your cluster could be accessible to anyone. See https://www.elastic.co/guide/en/elasticsearch/reference/7.17/security-minimal-setup.html to enable security."]
2025-07-13T22:38:02.806+05:30  WARN 16800 --- [courseseach] [           main] org.elasticsearch.client.RestClient      : request [POST http://localhost:9200/courses/_refresh] returned 1 warnings: [299 Elasticsearch-7.17.17-aba4da413a368e296dfc64fb20897334d0340aa1 "Elasticsearch built-in security features are not enabled. Without authentication, your cluster could be accessible to anyone. See https://www.elastic.co/guide/en/elasticsearch/reference/7.17/security-minimal-setup.html to enable security."]
✅ Indexed: Intro to Graphic Design with Canva
2025-07-13T22:38:02.815+05:30  WARN 16800 --- [courseseach] [           main] org.elasticsearch.client.RestClient      : request [PUT http://localhost:9200/courses/_doc/19?refresh=false] returned 1 warnings: [299 Elasticsearch-7.17.17-aba4da413a368e296dfc64fb20897334d0340aa1 "Elasticsearch built-in security features are not enabled. Without authentication, your cluster could be accessible to anyone. See https://www.elastic.co/guide/en/elasticsearch/reference/7.17/security-minimal-setup.html to enable security."]
2025-07-13T22:38:02.827+05:30  WARN 16800 --- [courseseach] [           main] org.elasticsearch.client.RestClient      : request [POST http://localhost:9200/courses/_refresh] returned 1 warnings: [299 Elasticsearch-7.17.17-aba4da413a368e296dfc64fb20897334d0340aa1 "Elasticsearch built-in security features are not enabled. Without authentication, your cluster could be accessible to anyone. See https://www.elastic.co/guide/en/elasticsearch/reference/7.17/security-minimal-setup.html to enable security."]
✅ Indexed: Summer Robotics Camp
✅ All courses processed.
2025-07-13T22:38:03.033+05:30  INFO 16800 --- [courseseach] [           main] o.s.v.b.OptionalValidatorFactoryBean     : Failed to set up a Bean Validation provider: jakarta.validation.NoProviderFoundException: Unable to create a Configuration, because no Jakarta Bean Validation provider could be found. Add a provider like Hibernate Validator (RI) to your classpath.
2025-07-13T22:38:03.302+05:30  INFO 16800 --- [courseseach] [           main] c.e.c.CourseseachApplicationTests        : Started CourseseachApplicationTests in 3.207 seconds (process running for 4.397)
]]></system-out>
    <system-err><![CDATA[Mockito is currently self-attaching to enable the inline-mock-maker. This will no longer work in future releases of the JDK. Please add Mockito as an agent to your build as described in Mockito's documentation: https://javadoc.io/doc/org.mockito/mockito-core/latest/org.mockito/org/mockito/Mockito.html#0.3
WARNING: A Java agent has been loaded dynamically (C:\Users\basic\.m2\repository\net\bytebuddy\byte-buddy-agent\1.17.6\byte-buddy-agent-1.17.6.jar)
WARNING: If a serviceability tool is in use, please run with -XX:+EnableDynamicAgentLoading to hide this warning
WARNING: If a serviceability tool is not in use, please run with -Djdk.instrument.traceUsage for more information
WARNING: Dynamic loading of agents will be disallowed by default in a future release
]]></system-err>
  </testcase>
</testsuite>