<?xml version="1.0" encoding="UTF-8"?>
<testsuite xmlns:xsi="http://www.w3.org/2001/XMLSchema-instance" xsi:noNamespaceSchemaLocation="https://maven.apache.org/surefire/maven-surefire-plugin/xsd/surefire-test-report-3.0.xsd" version="3.0" name="com.example.coursesearch.search.CourseSearchServiceTest" time="1.486" tests="3" errors="0" skipped="0" failures="0">
  <properties>
[...]
</properties>
  <testcase name="testFindByMinAge" classname="com.example.coursesearch.search.CourseSearchServiceTest" time="0.606">
    <system-out><![CDATA[2025-07-14T11:37:06.293+05:30  INFO 9576 --- [courseseach] [           main] t.c.s.AnnotationConfigContextLoaderUtils : Could not detect default configuration classes for test class [com.example.coursesearch.search.CourseSearchServiceTest]: CourseSearchServiceTest does not declare any static, non-private, non-final, nested classes annotated with @Configuration.
2025-07-14T11:37:06.342+05:30  INFO 9576 --- [courseseach] [           main] .b.t.c.SpringBootTestContextBootstrapper : Found @SpringBootConfiguration com.example.coursesearch.CourseseachApplication for test class com.example.coursesearch.search.CourseSearchServiceTest

  .   ____          _            __ _ _
 /\\ / ___'_ __ _ _(_)_ __  __ _ \ \ \ \
( ( )\___ | '_ | '_| | '_ \/ _` | \ \ \ \
 \\/  ___)| |_)| | | | | || (_| |  ) ) ) )
  '  |____| .__|_| |_|_| |_\__, | / / / /
 =========|_|==============|___/=/_/_/_/

 :: Spring Boot ::                (v3.5.3)

2025-07-14T11:37:06.388+05:30  INFO 9576 --- [courseseach] [           main] c.e.c.search.CourseSearchServiceTest     : Starting CourseSearchServiceTest using Java 21.0.7 with PID 9576 (started by basic in C:\Users\basic\OneDrive\Documents\coursesearch)
2025-07-14T11:37:06.388+05:30  INFO 9576 --- [courseseach] [           main] c.e.c.search.CourseSearchServiceTest     : No active profile set, falling back to 1 default profile: "default"
2025-07-14T11:37:06.500+05:30  INFO 9576 --- [courseseach] [           main] .s.d.r.c.RepositoryConfigurationDelegate : Bootstrapping Spring Data Elasticsearch repositories in DEFAULT mode.
2025-07-14T11:37:06.500+05:30  INFO 9576 --- [courseseach] [           main] .s.d.r.c.RepositoryConfigurationDelegate : Finished Spring Data repository scanning in 6 ms. Found 1 Elasticsearch repository interface.
2025-07-14T11:37:06.661+05:30  WARN 9576 --- [courseseach] [           main] org.elasticsearch.client.RestClient      : request [HEAD http://localhost:9200/courses] returned 1 warnings: [299 Elasticsearch-7.17.17-aba4da413a368e296dfc64fb20897334d0340aa1 "Elasticsearch built-in security features are not enabled. Without authentication, your cluster could be accessible to anyone. See https://www.elastic.co/guide/en/elasticsearch/reference/7.17/security-minimal-setup.html to enable security."]
2025-07-14T11:37:06.666+05:30  INFO 9576 --- [courseseach] [           main] c.e.c.search.CourseSearchServiceTest     : Started CourseSearchServiceTest in 0.324 seconds (process running for 6.145)
2025-07-14T11:37:06.684+05:30  WARN 9576 --- [courseseach] [           main] org.elasticsearch.client.RestClient      : request [HEAD http://localhost:9200/courses] returned 1 warnings: [299 Elasticsearch-7.17.17-aba4da413a368e296dfc64fb20897334d0340aa1 "Elasticsearch built-in security features are not enabled. Without authentication, your cluster could be accessible to anyone. See https://www.elastic.co/guide/en/elasticsearch/reference/7.17/security-minimal-setup.html to enable security."]
2025-07-14T11:37:06.689+05:30  WARN 9576 --- [courseseach] [           main] org.elasticsearch.client.RestClient      : request [HEAD http://localhost:9200/courses] returned 1 warnings: [299 Elasticsearch-7.17.17-aba4da413a368e296dfc64fb20897334d0340aa1 "Elasticsearch built-in security features are not enabled. Without authentication, your cluster could be accessible to anyone. See https://www.elastic.co/guide/en/elasticsearch/reference/7.17/security-minimal-setup.html to enable security."]
2025-07-14T11:37:06.779+05:30  WARN 9576 --- [courseseach] [           main] org.elasticsearch.client.RestClient      : request [DELETE http://localhost:9200/courses] returned 1 warnings: [299 Elasticsearch-7.17.17-aba4da413a368e296dfc64fb20897334d0340aa1 "Elasticsearch built-in security features are not enabled. Without authentication, your cluster could be accessible to anyone. See https://www.elastic.co/guide/en/elasticsearch/reference/7.17/security-minimal-setup.html to enable security."]
2025-07-14T11:37:06.959+05:30  WARN 9576 --- [courseseach] [           main] org.elasticsearch.client.RestClient      : request [PUT http://localhost:9200/courses] returned 1 warnings: [299 Elasticsearch-7.17.17-aba4da413a368e296dfc64fb20897334d0340aa1 "Elasticsearch built-in security features are not enabled. Without authentication, your cluster could be accessible to anyone. See https://www.elastic.co/guide/en/elasticsearch/reference/7.17/security-minimal-setup.html to enable security."]
2025-07-14T11:37:07.096+05:30  WARN 9576 --- [courseseach] [           main] org.elasticsearch.client.RestClient      : request [PUT http://localhost:9200/courses/_mapping] returned 1 warnings: [299 Elasticsearch-7.17.17-aba4da413a368e296dfc64fb20897334d0340aa1 "Elasticsearch built-in security features are not enabled. Without authentication, your cluster could be accessible to anyone. See https://www.elastic.co/guide/en/elasticsearch/reference/7.17/security-minimal-setup.html to enable security."]
2025-07-14T11:37:07.164+05:30  WARN 9576 --- [courseseach] [           main] org.elasticsearch.client.RestClient      : request [PUT http://localhost:9200/courses/_doc/1?refresh=false] returned 1 warnings: [299 Elasticsearch-7.17.17-aba4da413a368e296dfc64fb20897334d0340aa1 "Elasticsearch built-in security features are not enabled. Without authentication, your cluster could be accessible to anyone. See https://www.elastic.co/guide/en/elasticsearch/reference/7.17/security-minimal-setup.html to enable security."]
2025-07-14T11:37:07.177+05:30  WARN 9576 --- [courseseach] [           main] org.elasticsearch.client.RestClient      : request [PUT http://localhost:9200/courses/_doc/2?refresh=false] returned 1 warnings: [299 Elasticsearch-7.17.17-aba4da413a368e296dfc64fb20897334d0340aa1 "Elasticsearch built-in security features are not enabled. Without authentication, your cluster could be accessible to anyone. See https://www.elastic.co/guide/en/elasticsearch/reference/7.17/security-minimal-setup.html to enable security."]
2025-07-14T11:37:07.189+05:30  WARN 9576 --- [courseseach] [           main] org.elasticsearch.client.RestClient      : request [PUT http://localhost:9200/courses/_doc/3?refresh=false] returned 1 warnings: [299 Elasticsearch-7.17.17-aba4da413a368e296dfc64fb20897334d0340aa1 "Elasticsearch built-in security features are not enabled. Without authentication, your cluster could be accessible to anyone. See https://www.elastic.co/guide/en/elasticsearch/reference/7.17/security-minimal-setup.html to enable security."]
2025-07-14T11:37:07.202+05:30  WARN 9576 --- [courseseach] [           main] org.elasticsearch.client.RestClient      : request [POST http://localhost:9200/courses/_refresh] returned 1 warnings: [299 Elasticsearch-7.17.17-aba4da413a368e296dfc64fb20897334d0340aa1 "Elasticsearch built-in security features are not enabled. Without authentication, your cluster could be accessible to anyone. See https://www.elastic.co/guide/en/elasticsearch/reference/7.17/security-minimal-setup.html to enable security."]
2025-07-14T11:37:07.220+05:30  WARN 9576 --- [courseseach] [           main] org.elasticsearch.client.RestClient      : request [POST http://localhost:9200/courses/_search?search_type=query_then_fetch&typed_keys=true] returned 1 warnings: [299 Elasticsearch-7.17.17-aba4da413a368e296dfc64fb20897334d0340aa1 "Elasticsearch built-in security features are not enabled. Without authentication, your cluster could be accessible to anyone. See https://www.elastic.co/guide/en/elasticsearch/reference/7.17/security-minimal-setup.html to enable security."]
]]></system-out>
  </testcase>
  <testcase name="testFindAllCourses" classname="com.example.coursesearch.search.CourseSearchServiceTest" time="0.236">
    <system-out><![CDATA[2025-07-14T11:37:07.282+05:30  WARN 9576 --- [courseseach] [           main] org.elasticsearch.client.RestClient      : request [HEAD http://localhost:9200/courses] returned 1 warnings: [299 Elasticsearch-7.17.17-aba4da413a368e296dfc64fb20897334d0340aa1 "Elasticsearch built-in security features are not enabled. Without authentication, your cluster could be accessible to anyone. See https://www.elastic.co/guide/en/elasticsearch/reference/7.17/security-minimal-setup.html to enable security."]
2025-07-14T11:37:07.287+05:30  WARN 9576 --- [courseseach] [           main] org.elasticsearch.client.RestClient      : request [HEAD http://localhost:9200/courses] returned 1 warnings: [299 Elasticsearch-7.17.17-aba4da413a368e296dfc64fb20897334d0340aa1 "Elasticsearch built-in security features are not enabled. Without authentication, your cluster could be accessible to anyone. See https://www.elastic.co/guide/en/elasticsearch/reference/7.17/security-minimal-setup.html to enable security."]
2025-07-14T11:37:07.321+05:30  WARN 9576 --- [courseseach] [           main] org.elasticsearch.client.RestClient      : request [DELETE http://localhost:9200/courses] returned 1 warnings: [299 Elasticsearch-7.17.17-aba4da413a368e296dfc64fb20897334d0340aa1 "Elasticsearch built-in security features are not enabled. Without authentication, your cluster could be accessible to anyone. See https://www.elastic.co/guide/en/elasticsearch/reference/7.17/security-minimal-setup.html to enable security."]
2025-07-14T11:37:07.389+05:30  WARN 9576 --- [courseseach] [           main] org.elasticsearch.client.RestClient      : request [PUT http://localhost:9200/courses] returned 1 warnings: [299 Elasticsearch-7.17.17-aba4da413a368e296dfc64fb20897334d0340aa1 "Elasticsearch built-in security features are not enabled. Without authentication, your cluster could be accessible to anyone. See https://www.elastic.co/guide/en/elasticsearch/reference/7.17/security-minimal-setup.html to enable security."]
2025-07-14T11:37:07.431+05:30  WARN 9576 --- [courseseach] [           main] org.elasticsearch.client.RestClient      : request [PUT http://localhost:9200/courses/_mapping] returned 1 warnings: [299 Elasticsearch-7.17.17-aba4da413a368e296dfc64fb20897334d0340aa1 "Elasticsearch built-in security features are not enabled. Without authentication, your cluster could be accessible to anyone. See https://www.elastic.co/guide/en/elasticsearch/reference/7.17/security-minimal-setup.html to enable security."]
2025-07-14T11:37:07.471+05:30  WARN 9576 --- [courseseach] [           main] org.elasticsearch.client.RestClient      : request [PUT http://localhost:9200/courses/_doc/1?refresh=false] returned 1 warnings: [299 Elasticsearch-7.17.17-aba4da413a368e296dfc64fb20897334d0340aa1 "Elasticsearch built-in security features are not enabled. Without authentication, your cluster could be accessible to anyone. See https://www.elastic.co/guide/en/elasticsearch/reference/7.17/security-minimal-setup.html to enable security."]
2025-07-14T11:37:07.479+05:30  WARN 9576 --- [courseseach] [           main] org.elasticsearch.client.RestClient      : request [PUT http://localhost:9200/courses/_doc/2?refresh=false] returned 1 warnings: [299 Elasticsearch-7.17.17-aba4da413a368e296dfc64fb20897334d0340aa1 "Elasticsearch built-in security features are not enabled. Without authentication, your cluster could be accessible to anyone. See https://www.elastic.co/guide/en/elasticsearch/reference/7.17/security-minimal-setup.html to enable security."]
2025-07-14T11:37:07.489+05:30  WARN 9576 --- [courseseach] [           main] org.elasticsearch.client.RestClient      : request [PUT http://localhost:9200/courses/_doc/3?refresh=false] returned 1 warnings: [299 Elasticsearch-7.17.17-aba4da413a368e296dfc64fb20897334d0340aa1 "Elasticsearch built-in security features are not enabled. Without authentication, your cluster could be accessible to anyone. See https://www.elastic.co/guide/en/elasticsearch/reference/7.17/security-minimal-setup.html to enable security."]
2025-07-14T11:37:07.500+05:30  WARN 9576 --- [courseseach] [           main] org.elasticsearch.client.RestClient      : request [POST http://localhost:9200/courses/_refresh] returned 1 warnings: [299 Elasticsearch-7.17.17-aba4da413a368e296dfc64fb20897334d0340aa1 "Elasticsearch built-in security features are not enabled. Without authentication, your cluster could be accessible to anyone. See https://www.elastic.co/guide/en/elasticsearch/reference/7.17/security-minimal-setup.html to enable security."]
2025-07-14T11:37:07.507+05:30  WARN 9576 --- [courseseach] [           main] org.elasticsearch.client.RestClient      : request [POST http://localhost:9200/courses/_search?search_type=query_then_fetch&typed_keys=true] returned 1 warnings: [299 Elasticsearch-7.17.17-aba4da413a368e296dfc64fb20897334d0340aa1 "Elasticsearch built-in security features are not enabled. Without authentication, your cluster could be accessible to anyone. See https://www.elastic.co/guide/en/elasticsearch/reference/7.17/security-minimal-setup.html to enable security."]
]]></system-out>
  </testcase>
  <testcase name="testFindByCategory" classname="com.example.coursesearch.search.CourseSearchServiceTest" time="0.269">
    <system-out><![CDATA[2025-07-14T11:37:07.521+05:30  WARN 9576 --- [courseseach] [           main] org.elasticsearch.client.RestClient      : request [HEAD http://localhost:9200/courses] returned 1 warnings: [299 Elasticsearch-7.17.17-aba4da413a368e296dfc64fb20897334d0340aa1 "Elasticsearch built-in security features are not enabled. Without authentication, your cluster could be accessible to anyone. See https://www.elastic.co/guide/en/elasticsearch/reference/7.17/security-minimal-setup.html to enable security."]
2025-07-14T11:37:07.527+05:30  WARN 9576 --- [courseseach] [           main] org.elasticsearch.client.RestClient      : request [HEAD http://localhost:9200/courses] returned 1 warnings: [299 Elasticsearch-7.17.17-aba4da413a368e296dfc64fb20897334d0340aa1 "Elasticsearch built-in security features are not enabled. Without authentication, your cluster could be accessible to anyone. See https://www.elastic.co/guide/en/elasticsearch/reference/7.17/security-minimal-setup.html to enable security."]
2025-07-14T11:37:07.556+05:30  WARN 9576 --- [courseseach] [           main] org.elasticsearch.client.RestClient      : request [DELETE http://localhost:9200/courses] returned 1 warnings: [299 Elasticsearch-7.17.17-aba4da413a368e296dfc64fb20897334d0340aa1 "Elasticsearch built-in security features are not enabled. Without authentication, your cluster could be accessible to anyone. See https://www.elastic.co/guide/en/elasticsearch/reference/7.17/security-minimal-setup.html to enable security."]
2025-07-14T11:37:07.676+05:30  WARN 9576 --- [courseseach] [           main] org.elasticsearch.client.RestClient      : request [PUT http://localhost:9200/courses] returned 1 warnings: [299 Elasticsearch-7.17.17-aba4da413a368e296dfc64fb20897334d0340aa1 "Elasticsearch built-in security features are not enabled. Without authentication, your cluster could be accessible to anyone. See https://www.elastic.co/guide/en/elasticsearch/reference/7.17/security-minimal-setup.html to enable security."]
2025-07-14T11:37:07.708+05:30  WARN 9576 --- [courseseach] [           main] org.elasticsearch.client.RestClient      : request [PUT http://localhost:9200/courses/_mapping] returned 1 warnings: [299 Elasticsearch-7.17.17-aba4da413a368e296dfc64fb20897334d0340aa1 "Elasticsearch built-in security features are not enabled. Without authentication, your cluster could be accessible to anyone. See https://www.elastic.co/guide/en/elasticsearch/reference/7.17/security-minimal-setup.html to enable security."]
2025-07-14T11:37:07.742+05:30  WARN 9576 --- [courseseach] [           main] org.elasticsearch.client.RestClient      : request [PUT http://localhost:9200/courses/_doc/1?refresh=false] returned 1 warnings: [299 Elasticsearch-7.17.17-aba4da413a368e296dfc64fb20897334d0340aa1 "Elasticsearch built-in security features are not enabled. Without authentication, your cluster could be accessible to anyone. See https://www.elastic.co/guide/en/elasticsearch/reference/7.17/security-minimal-setup.html to enable security."]
2025-07-14T11:37:07.751+05:30  WARN 9576 --- [courseseach] [           main] org.elasticsearch.client.RestClient      : request [PUT http://localhost:9200/courses/_doc/2?refresh=false] returned 1 warnings: [299 Elasticsearch-7.17.17-aba4da413a368e296dfc64fb20897334d0340aa1 "Elasticsearch built-in security features are not enabled. Without authentication, your cluster could be accessible to anyone. See https://www.elastic.co/guide/en/elasticsearch/reference/7.17/security-minimal-setup.html to enable security."]
2025-07-14T11:37:07.760+05:30  WARN 9576 --- [courseseach] [           main] org.elasticsearch.client.RestClient      : request [PUT http://localhost:9200/courses/_doc/3?refresh=false] returned 1 warnings: [299 Elasticsearch-7.17.17-aba4da413a368e296dfc64fb20897334d0340aa1 "Elasticsearch built-in security features are not enabled. Without authentication, your cluster could be accessible to anyone. See https://www.elastic.co/guide/en/elasticsearch/reference/7.17/security-minimal-setup.html to enable security."]
2025-07-14T11:37:07.770+05:30  WARN 9576 --- [courseseach] [           main] org.elasticsearch.client.RestClient      : request [POST http://localhost:9200/courses/_refresh] returned 1 warnings: [299 Elasticsearch-7.17.17-aba4da413a368e296dfc64fb20897334d0340aa1 "Elasticsearch built-in security features are not enabled. Without authentication, your cluster could be accessible to anyone. See https://www.elastic.co/guide/en/elasticsearch/reference/7.17/security-minimal-setup.html to enable security."]
2025-07-14T11:37:07.778+05:30  WARN 9576 --- [courseseach] [           main] org.elasticsearch.client.RestClient      : request [POST http://localhost:9200/courses/_search?search_type=query_then_fetch&typed_keys=true] returned 1 warnings: [299 Elasticsearch-7.17.17-aba4da413a368e296dfc64fb20897334d0340aa1 "Elasticsearch built-in security features are not enabled. Without authentication, your cluster could be accessible to anyone. See https://www.elastic.co/guide/en/elasticsearch/reference/7.17/security-minimal-setup.html to enable security."]
]]></system-out>
  </testcase>
</testsuite>